Der Buildvorgang wurde am 29.11.2016 12:11:19 gestartet.
     1>Projekt "T:\Temp\DirectSound\MFC\MFC.vcxproj" auf Knoten "2", Build Ziel(e).
     1>ClCompile:
         C:\Program Files (x86)\Microsoft Visual Studio 12.0\VC\bin\CL.exe /c /ZI /nologo /W3 /WX- /Od /Oy- /D WIN32 /D _WINDOWS /D _DEBUG /D _UNICODE /D UNICODE /D _AFXDLL /Gm /EHsc /RTC1 /MDd /GS /fp:precise /Zc:wchar_t /Zc:forScope /Yu"stdafx.h" /Fp"Debug\DirectSound.pch" /Fo"Debug\\" /Fd"Debug\vc120.pdb" /Gd /TP /analyze- /errorReport:prompt MFCDlg.cpp
         MFCDlg.cpp
     1>t:\temp\directsound\mfc\mfcdlg.cpp(170): warning C4244: 'Argument': Konvertierung von 'double' in 'int', möglicher Datenverlust
     1>t:\temp\directsound\mfc\mfcdlg.cpp(171): warning C4244: 'Argument': Konvertierung von 'double' in 'int', möglicher Datenverlust
     1>t:\temp\directsound\mfc\mfcdlg.cpp(172): warning C4244: 'Argument': Konvertierung von 'double' in 'int', möglicher Datenverlust
     1>t:\temp\directsound\mfc\mfcdlg.cpp(173): warning C4244: 'Argument': Konvertierung von 'double' in 'int', möglicher Datenverlust
     1>t:\temp\directsound\mfc\mfcdlg.cpp(174): warning C4244: 'Argument': Konvertierung von 'double' in 'int', möglicher Datenverlust
     1>t:\temp\directsound\mfc\mfcdlg.cpp(175): warning C4244: 'Argument': Konvertierung von 'double' in 'int', möglicher Datenverlust
     1>t:\temp\directsound\mfc\mfcdlg.cpp(176): warning C4244: 'Argument': Konvertierung von 'double' in 'int', möglicher Datenverlust
     1>t:\temp\directsound\mfc\mfcdlg.cpp(177): warning C4244: 'Argument': Konvertierung von 'double' in 'int', möglicher Datenverlust
     1>t:\temp\directsound\mfc\mfcdlg.cpp(180): warning C4996: 'fopen': This function or variable may be unsafe. Consider using fopen_s instead. To disable deprecation, use _CRT_SECURE_NO_WARNINGS. See online help for details.
                 c:\program files (x86)\microsoft visual studio 12.0\vc\include\stdio.h(211): Siehe Deklaration von 'fopen'
     1>t:\temp\directsound\mfc\mfcdlg.cpp(242): warning C4244: 'Argument': Konvertierung von 'double' in 'int', möglicher Datenverlust
     1>t:\temp\directsound\mfc\mfcdlg.cpp(266): warning C4244: 'Argument': Konvertierung von 'double' in 'int', möglicher Datenverlust
     1>t:\temp\directsound\mfc\mfcdlg.cpp(269): warning C4244: 'Argument': Konvertierung von 'double' in 'int', möglicher Datenverlust
     1>t:\temp\directsound\mfc\mfcdlg.cpp(272): warning C4244: 'Argument': Konvertierung von 'double' in 'int', möglicher Datenverlust
     1>t:\temp\directsound\mfc\mfcdlg.cpp(357): warning C4244: 'Argument': Konvertierung von 'double' in 'int', möglicher Datenverlust
     1>t:\temp\directsound\mfc\mfcdlg.cpp(368): warning C4805: '==': unsichere Kombination von Typ 'boolean' mit Typ 'bool' in einer Operation
     1>t:\temp\directsound\mfc\mfcdlg.cpp(437): warning C4996: 'fopen': This function or variable may be unsafe. Consider using fopen_s instead. To disable deprecation, use _CRT_SECURE_NO_WARNINGS. See online help for details.
                 c:\program files (x86)\microsoft visual studio 12.0\vc\include\stdio.h(211): Siehe Deklaration von 'fopen'
     1>t:\temp\directsound\mfc\mfcdlg.cpp(441): warning C4996: 'fopen': This function or variable may be unsafe. Consider using fopen_s instead. To disable deprecation, use _CRT_SECURE_NO_WARNINGS. See online help for details.
                 c:\program files (x86)\microsoft visual studio 12.0\vc\include\stdio.h(211): Siehe Deklaration von 'fopen'
     1>t:\temp\directsound\mfc\mfcdlg.cpp(445): warning C4996: 'fopen': This function or variable may be unsafe. Consider using fopen_s instead. To disable deprecation, use _CRT_SECURE_NO_WARNINGS. See online help for details.
                 c:\program files (x86)\microsoft visual studio 12.0\vc\include\stdio.h(211): Siehe Deklaration von 'fopen'
     1>t:\temp\directsound\mfc\mfcdlg.cpp(449): warning C4996: 'fopen': This function or variable may be unsafe. Consider using fopen_s instead. To disable deprecation, use _CRT_SECURE_NO_WARNINGS. See online help for details.
                 c:\program files (x86)\microsoft visual studio 12.0\vc\include\stdio.h(211): Siehe Deklaration von 'fopen'
     1>t:\temp\directsound\mfc\mfcdlg.cpp(453): warning C4996: 'fopen': This function or variable may be unsafe. Consider using fopen_s instead. To disable deprecation, use _CRT_SECURE_NO_WARNINGS. See online help for details.
                 c:\program files (x86)\microsoft visual studio 12.0\vc\include\stdio.h(211): Siehe Deklaration von 'fopen'
     1>t:\temp\directsound\mfc\mfcdlg.cpp(457): warning C4996: 'fopen': This function or variable may be unsafe. Consider using fopen_s instead. To disable deprecation, use _CRT_SECURE_NO_WARNINGS. See online help for details.
                 c:\program files (x86)\microsoft visual studio 12.0\vc\include\stdio.h(211): Siehe Deklaration von 'fopen'
     1>t:\temp\directsound\mfc\mfcdlg.cpp(461): warning C4996: 'fopen': This function or variable may be unsafe. Consider using fopen_s instead. To disable deprecation, use _CRT_SECURE_NO_WARNINGS. See online help for details.
                 c:\program files (x86)\microsoft visual studio 12.0\vc\include\stdio.h(211): Siehe Deklaration von 'fopen'
     1>t:\temp\directsound\mfc\mfcdlg.cpp(465): warning C4996: 'fopen': This function or variable may be unsafe. Consider using fopen_s instead. To disable deprecation, use _CRT_SECURE_NO_WARNINGS. See online help for details.
                 c:\program files (x86)\microsoft visual studio 12.0\vc\include\stdio.h(211): Siehe Deklaration von 'fopen'
     1>t:\temp\directsound\mfc\mfcdlg.cpp(469): warning C4244: 'Argument': Konvertierung von 'double' in 'int', möglicher Datenverlust
     1>t:\temp\directsound\mfc\mfcdlg.cpp(470): warning C4244: 'Argument': Konvertierung von 'double' in 'int', möglicher Datenverlust
     1>t:\temp\directsound\mfc\mfcdlg.cpp(471): warning C4244: 'Argument': Konvertierung von 'double' in 'int', möglicher Datenverlust
     1>t:\temp\directsound\mfc\mfcdlg.cpp(472): warning C4244: 'Argument': Konvertierung von 'double' in 'int', möglicher Datenverlust
     1>t:\temp\directsound\mfc\mfcdlg.cpp(473): warning C4244: 'Argument': Konvertierung von 'double' in 'int', möglicher Datenverlust
     1>t:\temp\directsound\mfc\mfcdlg.cpp(474): warning C4244: 'Argument': Konvertierung von 'double' in 'int', möglicher Datenverlust
     1>t:\temp\directsound\mfc\mfcdlg.cpp(475): warning C4244: 'Argument': Konvertierung von 'double' in 'int', möglicher Datenverlust
     1>t:\temp\directsound\mfc\mfcdlg.cpp(476): warning C4244: 'Argument': Konvertierung von 'double' in 'int', möglicher Datenverlust
       Link:
         C:\Program Files (x86)\Microsoft Visual Studio 12.0\VC\bin\link.exe /ERRORREPORT:PROMPT /OUT:"T:\Temp\DirectSound\Debug\DirectSound.exe" /INCREMENTAL /NOLOGO dsound.lib dxguid.lib /MANIFEST /MANIFESTUAC:"level='asInvoker' uiAccess='false'" /manifest:embed /manifestinput:"C:\Program Files (x86)\Microsoft Visual Studio 12.0\VC\Include\Manifest\dpiaware.manifest" /DEBUG /PDB:"T:\Temp\DirectSound\Debug\DirectSound.pdb" /SUBSYSTEM:WINDOWS /TLBID:1 /ENTRY:"wWinMainCRTStartup" /DYNAMICBASE /NXCOMPAT /IMPLIB:"T:\Temp\DirectSound\Debug\DirectSound.lib" /MACHINE:X86 Debug\MFC.res
         Debug\DirectSound.obj
         Debug\MFC.obj
         Debug\MFCDlg.obj
         Debug\stdafx.obj
         MFC.vcxproj -> T:\Temp\DirectSound\Debug\DirectSound.exe
     1>Die Erstellung des Projekts "T:\Temp\DirectSound\MFC\MFC.vcxproj" ist abgeschlossen, Build Ziel(e).

Build erfolgreich.

Verstrichene Zeit 00:00:00.47
